time="2022-11-18T18:36:52+05:30" level=info msg="# playfiles selected for load-testing: 1"
time="2022-11-18T18:36:52+05:30" level=info msg="1.     /plays/internal/short_demo/play_greenvn_post.json"
time="2022-11-18T18:36:52+05:30" level=info msg="==============================================================="
time="2022-11-18T18:36:52+05:30" level=info msg="PLAY START: play-A01-Internal-CreateAllocation-API id: A01"
time="2022-11-18T18:36:52+05:30" level=info msg="summary directory created."
time="2022-11-18T18:36:52+05:30" level=info msg="ITERATION START: 1"
time="2022-11-18T18:36:52+05:30" level=info msg="RUN START: act: act-1.001" act_api=LA_GREENVN_CREATE_ALLOCATION act_name=act-1.001 duration_in_second=5000 iteration=1 play_id=A01 play_name=play-A01-Internal-CreateAllocation-API rate_per_second=600 rpm=36000 timeout_in_ms=120000 vegeta_keepalive=true
time="2022-11-18T18:36:52+05:30" level=error msg="401 Unauthorized" latency=514.392917ms seq=5 status_code=401
time="2022-11-18T18:36:52+05:30" level=error msg="401 Unauthorized" latency=512.363165ms seq=7 status_code=401
time="2022-11-18T18:36:52+05:30" level=error msg="401 Unauthorized" latency=525.036298ms seq=1 status_code=401
time="2022-11-18T18:36:52+05:30" level=error msg="401 Unauthorized" latency=527.320035ms seq=0 status_code=401
time="2022-11-18T18:36:52+05:30" level=error msg="401 Unauthorized" latency=515.817953ms seq=12 status_code=401
time="2022-11-18T18:36:52+05:30" level=error msg="401 Unauthorized" latency=531.803641ms seq=8 status_code=401
time="2022-11-18T18:36:52+05:30" level=error msg="401 Unauthorized" latency=529.867843ms seq=10 status_code=401
time="2022-11-18T18:36:52+05:30" level=error msg="401 Unauthorized" latency=522.365892ms seq=15 status_code=401
time="2022-11-18T18:36:52+05:30" level=error msg="401 Unauthorized" latency=536.827819ms seq=9 status_code=401
time="2022-11-18T18:36:52+05:30" level=error msg="401 Unauthorized" latency=528.287808ms seq=16 status_code=401
time="2022-11-18T18:36:52+05:30" level=error msg="401 Unauthorized" latency=525.035332ms seq=19 status_code=401
time="2022-11-18T18:36:52+05:30" level=error msg="401 Unauthorized" latency=528.759915ms seq=17 status_code=401
time="2022-11-18T18:36:52+05:30" level=error msg="401 Unauthorized" latency=534.832849ms seq=14 status_code=401
time="2022-11-18T18:36:52+05:30" level=error msg="401 Unauthorized" latency=524.745738ms seq=20 status_code=401
time="2022-11-18T18:36:52+05:30" level=error msg="401 Unauthorized" latency=544.883326ms seq=11 status_code=401
time="2022-11-18T18:36:52+05:30" level=error msg="401 Unauthorized" latency=541.801725ms seq=13 status_code=401
time="2022-11-18T18:36:52+05:30" level=error msg="401 Unauthorized" latency=544.755094ms seq=18 status_code=401
time="2022-11-18T18:36:52+05:30" level=error msg="401 Unauthorized" latency=578.310408ms seq=6 status_code=401
time="2022-11-18T18:36:52+05:30" level=error msg="401 Unauthorized" latency=581.597585ms seq=4 status_code=401
time="2022-11-18T18:36:52+05:30" level=error msg="401 Unauthorized" latency=586.302303ms seq=2 status_code=401
time="2022-11-18T18:36:52+05:30" level=error msg="401 Unauthorized" latency=594.238088ms seq=3 status_code=401
time="2022-11-18T18:36:52+05:30" level=error msg="401 Unauthorized" latency=532.527474ms seq=46 status_code=401
time="2022-11-18T18:36:52+05:30" level=error msg="401 Unauthorized" latency=551.823928ms seq=35 status_code=401
time="2022-11-18T18:36:52+05:30" level=error msg="401 Unauthorized" latency=554.954008ms seq=34 status_code=401
time="2022-11-18T18:36:52+05:30" level=error msg="401 Unauthorized" latency=542.772027ms seq=42 status_code=401
time="2022-11-18T18:36:52+05:30" level=error msg="401 Unauthorized" latency=540.709972ms seq=45 status_code=401
time="2022-11-18T18:36:52+05:30" level=error msg="401 Unauthorized" latency=561.235778ms seq=33 status_code=401
time="2022-11-18T18:36:52+05:30" level=error msg="401 Unauthorized" latency=568.157492ms seq=31 status_code=401
time="2022-11-18T18:36:52+05:30" level=error msg="401 Unauthorized" latency=578.752311ms seq=25 status_code=401
time="2022-11-18T18:36:52+05:30" level=error msg="401 Unauthorized" latency=568.125688ms seq=32 status_code=401
time="2022-11-18T18:36:52+05:30" level=error msg="401 Unauthorized" latency=536.459213ms seq=51 status_code=401
time="2022-11-18T18:36:52+05:30" level=error msg="401 Unauthorized" latency=577.360235ms seq=28 status_code=401
time="2022-11-18T18:36:52+05:30" level=error msg="401 Unauthorized" latency=574.442695ms seq=30 status_code=401
time="2022-11-18T18:36:52+05:30" level=error msg="401 Unauthorized" latency=576.798399ms seq=29 status_code=401
time="2022-11-18T18:36:52+05:30" level=error msg="401 Unauthorized" latency=540.704419ms seq=52 status_code=401
time="2022-11-18T18:36:52+05:30" level=error msg="401 Unauthorized" latency=562.080855ms seq=40 status_code=401
time="2022-11-18T18:36:52+05:30" level=error msg="401 Unauthorized" latency=536.079822ms seq=56 status_code=401
time="2022-11-18T18:36:52+05:30" level=error msg="401 Unauthorized" latency=606.48089ms seq=24 status_code=401
time="2022-11-18T18:36:52+05:30" level=error msg="401 Unauthorized" latency=608.341796ms seq=23 status_code=401
time="2022-11-18T18:36:52+05:30" level=error msg="401 Unauthorized" latency=558.438532ms seq=53 status_code=401
time="2022-11-18T18:36:52+05:30" level=error msg="401 Unauthorized" latency=603.022033ms seq=27 status_code=401
time="2022-11-18T18:36:52+05:30" level=error msg="401 Unauthorized" latency=613.850044ms seq=21 status_code=401
time="2022-11-18T18:36:52+05:30" level=error msg="401 Unauthorized" latency=571.091316ms seq=47 status_code=401
time="2022-11-18T18:36:52+05:30" level=error msg="401 Unauthorized" latency=612.482141ms seq=22 status_code=401
time="2022-11-18T18:36:52+05:30" level=error msg="401 Unauthorized" latency=587.963956ms seq=38 status_code=401
time="2022-11-18T18:36:52+05:30" level=error msg="401 Unauthorized" latency=615.786546ms seq=26 status_code=401
time="2022-11-18T18:36:52+05:30" level=error msg="401 Unauthorized" latency=568.234808ms seq=57 status_code=401
time="2022-11-18T18:36:52+05:30" level=error msg="401 Unauthorized" latency=552.83968ms seq=70 status_code=401
time="2022-11-18T18:36:52+05:30" level=error msg="401 Unauthorized" latency=565.237808ms seq=67 status_code=401
time="2022-11-18T18:36:52+05:30" level=error msg="401 Unauthorized" latency=555.440823ms seq=76 status_code=401
time="2022-11-18T18:36:52+05:30" level=error msg="401 Unauthorized" latency=550.609243ms seq=80 status_code=401
time="2022-11-18T18:36:52+05:30" level=error msg="401 Unauthorized" latency=562.983969ms seq=83 status_code=401
time="2022-11-18T18:36:52+05:30" level=error msg="401 Unauthorized" latency=602.617377ms seq=59 status_code=401
time="2022-11-18T18:36:52+05:30" level=error msg="401 Unauthorized" latency=554.965477ms seq=89 status_code=401
time="2022-11-18T18:36:52+05:30" level=error msg="401 Unauthorized" latency=527.061857ms seq=106 status_code=401
time="2022-11-18T18:36:52+05:30" level=error msg="401 Unauthorized" latency=557.488243ms seq=90 status_code=401
time="2022-11-18T18:36:52+05:30" level=error msg="401 Unauthorized" latency=560.762719ms seq=88 status_code=401
time="2022-11-18T18:36:52+05:30" level=error msg="401 Unauthorized" latency=656.112638ms seq=36 status_code=401
time="2022-11-18T18:36:52+05:30" level=error msg="401 Unauthorized" latency=614.225917ms seq=61 status_code=401
time="2022-11-18T18:36:52+05:30" level=error msg="401 Unauthorized" latency=617.64046ms seq=60 status_code=401
time="2022-11-18T18:36:52+05:30" level=error msg="401 Unauthorized" latency=533.514194ms seq=113 status_code=401
time="2022-11-18T18:36:52+05:30" level=error msg="401 Unauthorized" latency=662.549454ms seq=37 status_code=401
time="2022-11-18T18:36:52+05:30" level=error msg="401 Unauthorized" latency=610.375551ms seq=71 status_code=401
time="2022-11-18T18:36:52+05:30" level=error msg="401 Unauthorized" latency=605.302548ms seq=77 status_code=401
time="2022-11-18T18:36:52+05:30" level=error msg="401 Unauthorized" latency=507.802493ms seq=145 status_code=401
time="2022-11-18T18:36:52+05:30" level=error msg="401 Unauthorized" latency=591.618189ms seq=95 status_code=401
time="2022-11-18T18:36:52+05:30" level=error msg="401 Unauthorized" latency=556.842869ms seq=117 status_code=401
time="2022-11-18T18:36:52+05:30" level=error msg="401 Unauthorized" latency=499.225721ms seq=152 status_code=401
time="2022-11-18T18:36:52+05:30" level=error msg="401 Unauthorized" latency=491.98691ms seq=157 status_code=401
time="2022-11-18T18:36:52+05:30" level=error msg="401 Unauthorized" latency=499.123209ms seq=156 status_code=401
time="2022-11-18T18:36:52+05:30" level=error msg="401 Unauthorized" latency=619.839061ms seq=84 status_code=401
time="2022-11-18T18:36:52+05:30" level=error msg="401 Unauthorized" latency=519.044061ms seq=146 status_code=401
time="2022-11-18T18:36:52+05:30" level=error msg="401 Unauthorized" latency=579.112037ms seq=110 status_code=401
time="2022-11-18T18:36:52+05:30" level=error msg="401 Unauthorized" latency=495.002208ms seq=163 status_code=401
time="2022-11-18T18:36:52+05:30" level=error msg="401 Unauthorized" latency=536.922702ms seq=142 status_code=401
time="2022-11-18T18:36:52+05:30" level=error msg="401 Unauthorized" latency=494.283326ms seq=168 status_code=401
time="2022-11-18T18:36:52+05:30" level=error msg="401 Unauthorized" latency=607.2413ms seq=105 status_code=401
time="2022-11-18T18:36:52+05:30" level=error msg="401 Unauthorized" latency=501.760889ms seq=171 status_code=401
time="2022-11-18T18:36:52+05:30" level=error msg="401 Unauthorized" latency=489.726674ms seq=183 status_code=401
time="2022-11-18T18:36:52+05:30" level=error msg="401 Unauthorized" latency=550.810197ms seq=158 status_code=401
time="2022-11-18T18:36:52+05:30" level=error msg="401 Unauthorized" latency=581.935855ms seq=144 status_code=401
time="2022-11-18T18:36:52+05:30" level=error msg="401 Unauthorized" latency=537.646141ms seq=172 status_code=401
time="2022-11-18T18:36:52+05:30" level=error msg="401 Unauthorized" latency=526.317968ms seq=180 status_code=401
time="2022-11-18T18:36:52+05:30" level=error msg="401 Unauthorized" latency=554.449521ms seq=165 status_code=401
time="2022-11-18T18:36:52+05:30" level=error msg="401 Unauthorized" latency=655.928147ms seq=112 status_code=401
time="2022-11-18T18:36:52+05:30" level=error msg="401 Unauthorized" latency=691.678757ms seq=91 status_code=401
time="2022-11-18T18:36:52+05:30" level=error msg="401 Unauthorized" latency=574.325879ms seq=164 status_code=401
time="2022-11-18T18:36:52+05:30" level=error msg="401 Unauthorized" latency=591.719013ms seq=154 status_code=401
time="2022-11-18T18:36:52+05:30" level=error msg="401 Unauthorized" latency=514.989953ms seq=204 status_code=401
time="2022-11-18T18:36:52+05:30" level=error msg="401 Unauthorized" latency=605.011591ms seq=151 status_code=401
time="2022-11-18T18:36:52+05:30" level=error msg="401 Unauthorized" latency=557.993787ms seq=186 status_code=401
time="2022-11-18T18:36:52+05:30" level=error msg="401 Unauthorized" latency=560.14824ms seq=190 status_code=401
time="2022-11-18T18:36:52+05:30" level=error msg="401 Unauthorized" latency=714.620614ms seq=108 status_code=401
time="2022-11-18T18:36:52+05:30" level=error msg="401 Unauthorized" latency=663.514799ms seq=139 status_code=401
time="2022-11-18T18:36:52+05:30" level=error msg="401 Unauthorized" latency=649.232815ms seq=153 status_code=401
time="2022-11-18T18:36:52+05:30" level=error msg="401 Unauthorized" latency=679.684352ms seq=141 status_code=401
time="2022-11-18T18:36:53+05:30" level=error msg="401 Unauthorized" latency=665.63358ms seq=155 status_code=401
time="2022-11-18T18:36:53+05:30" level=error msg="401 Unauthorized" latency=608.354196ms seq=192 status_code=401
time="2022-11-18T18:36:53+05:30" level=error msg="401 Unauthorized" latency=492.150943ms seq=262 status_code=401
time="2022-11-18T18:36:53+05:30" level=error msg="401 Unauthorized" latency=598.840357ms seq=199 status_code=401
time="2022-11-18T18:36:53+05:30" level=error msg="401 Unauthorized" latency=627.016285ms seq=187 status_code=401
time="2022-11-18T18:36:53+05:30" level=error msg="401 Unauthorized" latency=861.864282ms seq=50 status_code=401
time="2022-11-18T18:36:53+05:30" level=error msg="401 Unauthorized" latency=687.937361ms seq=159 status_code=401
time="2022-11-18T18:36:53+05:30" level=error msg="401 Unauthorized" latency=570.897181ms seq=234 status_code=401
time="2022-11-18T18:36:53+05:30" level=error msg="401 Unauthorized" latency=640.551383ms seq=197 status_code=401
time="2022-11-18T18:36:53+05:30" level=error msg="401 Unauthorized" latency=632.72856ms seq=202 status_code=401
time="2022-11-18T18:36:53+05:30" level=error msg="401 Unauthorized" latency=645.226292ms seq=195 status_code=401
time="2022-11-18T18:36:53+05:30" level=error msg="401 Unauthorized" latency=694.312214ms seq=166 status_code=401
time="2022-11-18T18:36:53+05:30" level=error msg="401 Unauthorized" latency=663.200479ms seq=185 status_code=401
time="2022-11-18T18:36:53+05:30" level=error msg="401 Unauthorized" latency=789.48972ms seq=109 status_code=401
time="2022-11-18T18:36:53+05:30" level=error msg="401 Unauthorized" latency=708.045967ms seq=160 status_code=401
time="2022-11-18T18:36:53+05:30" level=error msg="401 Unauthorized" latency=790.387653ms seq=111 status_code=401
time="2022-11-18T18:36:53+05:30" level=error msg="401 Unauthorized" latency=750.607857ms seq=127 status_code=401
time="2022-11-18T18:36:53+05:30" level=error msg="401 Unauthorized" latency=521.420157ms seq=277 status_code=401
time="2022-11-18T18:36:53+05:30" level=error msg="401 Unauthorized" latency=913.141947ms seq=44 status_code=401
time="2022-11-18T18:36:53+05:30" level=error msg="401 Unauthorized" latency=584.788943ms seq=244 status_code=401
time="2022-11-18T18:36:53+05:30" level=error msg="401 Unauthorized" latency=670.649636ms seq=194 status_code=401
time="2022-11-18T18:36:53+05:30" level=error msg="401 Unauthorized" latency=941.630858ms seq=41 status_code=401
time="2022-11-18T18:36:53+05:30" level=error msg="401 Unauthorized" latency=601.300365ms seq=252 status_code=401
time="2022-11-18T18:36:53+05:30" level=error msg="401 Unauthorized" latency=436.801575ms seq=351 status_code=401
time="2022-11-18T18:36:53+05:30" level=error msg="401 Unauthorized" latency=548.055783ms seq=285 status_code=401
time="2022-11-18T18:36:53+05:30" level=error msg="401 Unauthorized" latency=432.834325ms seq=357 status_code=401
time="2022-11-18T18:36:53+05:30" level=error msg="401 Unauthorized" latency=603.987692ms seq=255 status_code=401
time="2022-11-18T18:36:53+05:30" level=error msg="401 Unauthorized" latency=446.966868ms seq=350 status_code=401
time="2022-11-18T18:36:53+05:30" level=error msg="401 Unauthorized" latency=717.491276ms seq=191 status_code=401
time="2022-11-18T18:36:53+05:30" level=error msg="401 Unauthorized" latency=627.051127ms seq=248 status_code=401
time="2022-11-18T18:36:53+05:30" level=error msg="401 Unauthorized" latency=447.804804ms seq=355 status_code=401
time="2022-11-18T18:36:53+05:30" level=error msg="401 Unauthorized" latency=487.124634ms seq=332 status_code=401
time="2022-11-18T18:36:53+05:30" level=error msg="401 Unauthorized" latency=466.066303ms seq=346 status_code=401
time="2022-11-18T18:36:53+05:30" level=error msg="401 Unauthorized" latency=427.793551ms seq=370 status_code=401
time="2022-11-18T18:36:53+05:30" level=error msg="401 Unauthorized" latency=604.18776ms seq=264 status_code=401
time="2022-11-18T18:36:53+05:30" level=error msg="401 Unauthorized" latency=517.084703ms seq=317 status_code=401
time="2022-11-18T18:36:53+05:30" level=error msg="401 Unauthorized" latency=422.342757ms seq=375 status_code=401
time="2022-11-18T18:36:53+05:30" level=error msg="401 Unauthorized" latency=614.52122ms seq=260 status_code=401
time="2022-11-18T18:36:53+05:30" level=error msg="401 Unauthorized" latency=445.654546ms seq=361 status_code=401
time="2022-11-18T18:36:53+05:30" level=error msg="401 Unauthorized" latency=460.665009ms seq=353 status_code=401
time="2022-11-18T18:36:53+05:30" level=error msg="401 Unauthorized" latency=653.600025ms seq=238 status_code=401
time="2022-11-18T18:36:53+05:30" level=error msg="401 Unauthorized" latency=424.285794ms seq=376 status_code=401
time="2022-11-18T18:36:53+05:30" level=error msg="401 Unauthorized" latency=452.291768ms seq=362 status_code=401
time="2022-11-18T18:36:53+05:30" level=error msg="401 Unauthorized" latency=424.285927ms seq=387 status_code=401
time="2022-11-18T18:36:53+05:30" level=error msg="401 Unauthorized" latency=672.801142ms seq=240 status_code=401
time="2022-11-18T18:36:53+05:30" level=error msg="401 Unauthorized" latency=418.765873ms seq=394 status_code=401
time="2022-11-18T18:36:53+05:30" level=error msg="401 Unauthorized" latency=1.025732087s seq=39 status_code=401
time="2022-11-18T18:36:53+05:30" level=error msg="401 Unauthorized" latency=444.380325ms seq=388 status_code=401
time="2022-11-18T18:36:53+05:30" level=error msg="401 Unauthorized" latency=1.025227438s seq=43 status_code=401
time="2022-11-18T18:36:53+05:30" level=error msg="401 Unauthorized" latency=355.940343ms seq=454 status_code=401
time="2022-11-18T18:36:53+05:30" level=error msg="401 Unauthorized" latency=1.024857011s seq=54 status_code=401
time="2022-11-18T18:36:53+05:30" level=error msg="401 Unauthorized" latency=1.016593164s seq=64 status_code=401
time="2022-11-18T18:36:53+05:30" level=error msg="401 Unauthorized" latency=592.932399ms seq=318 status_code=401
time="2022-11-18T18:36:53+05:30" level=error msg="401 Unauthorized" latency=403.167999ms seq=434 status_code=401
time="2022-11-18T18:36:53+05:30" level=error msg="401 Unauthorized" latency=640.661268ms seq=292 status_code=401
time="2022-11-18T18:36:53+05:30" level=error msg="401 Unauthorized" latency=395.528507ms seq=439 status_code=401
time="2022-11-18T18:36:53+05:30" level=error msg="401 Unauthorized" latency=423.82759ms seq=422 status_code=401
time="2022-11-18T18:36:53+05:30" level=error msg="401 Unauthorized" latency=435.969337ms seq=416 status_code=401
time="2022-11-18T18:36:53+05:30" level=error msg="401 Unauthorized" latency=1.048110829s seq=49 status_code=401
time="2022-11-18T18:36:53+05:30" level=error msg="401 Unauthorized" latency=428.885021ms seq=423 status_code=401
time="2022-11-18T18:36:53+05:30" level=error msg="401 Unauthorized" latency=474.148039ms seq=397 status_code=401
time="2022-11-18T18:36:53+05:30" level=error msg="401 Unauthorized" latency=609.461194ms seq=316 status_code=401
time="2022-11-18T18:36:53+05:30" level=error msg="401 Unauthorized" latency=1.044382459s seq=55 status_code=401
time="2022-11-18T18:36:53+05:30" level=error msg="401 Unauthorized" latency=580.873205ms seq=337 status_code=401
time="2022-11-18T18:36:53+05:30" level=error msg="401 Unauthorized" latency=394.930953ms seq=449 status_code=401
time="2022-11-18T18:36:53+05:30" level=error msg="401 Unauthorized" latency=1.034422419s seq=65 status_code=401
time="2022-11-18T18:36:53+05:30" level=error msg="401 Unauthorized" latency=395.873555ms seq=450 status_code=401
time="2022-11-18T18:36:53+05:30" level=error msg="401 Unauthorized" latency=1.066801827s seq=48 status_code=401
time="2022-11-18T18:36:53+05:30" level=error msg="401 Unauthorized" latency=401.174293ms seq=448 status_code=401
time="2022-11-18T18:36:53+05:30" level=error msg="401 Unauthorized" latency=369.429725ms seq=468 status_code=401
time="2022-11-18T18:36:53+05:30" level=error msg="401 Unauthorized" latency=1.055783417s seq=58 status_code=401
time="2022-11-18T18:36:53+05:30" level=error msg="401 Unauthorized" latency=405.863247ms seq=451 status_code=401
time="2022-11-18T18:36:53+05:30" level=error msg="401 Unauthorized" latency=395.078445ms seq=461 status_code=401
time="2022-11-18T18:36:53+05:30" level=error msg="401 Unauthorized" latency=478.824819ms seq=413 status_code=401
time="2022-11-18T18:36:53+05:30" level=error msg="401 Unauthorized" latency=430.145377ms seq=447 status_code=401
time="2022-11-18T18:36:53+05:30" level=error msg="401 Unauthorized" latency=416.322195ms seq=456 status_code=401
time="2022-11-18T18:36:53+05:30" level=error msg="401 Unauthorized" latency=382.280027ms seq=480 status_code=401
time="2022-11-18T18:36:53+05:30" level=error msg="401 Unauthorized" latency=385.904491ms seq=478 status_code=401
time="2022-11-18T18:36:53+05:30" level=error msg="401 Unauthorized" latency=385.284274ms seq=481 status_code=401
time="2022-11-18T18:36:53+05:30" level=error msg="401 Unauthorized" latency=388.274703ms seq=479 status_code=401
time="2022-11-18T18:36:53+05:30" level=error msg="401 Unauthorized" latency=549.305916ms seq=383 status_code=401
time="2022-11-18T18:36:53+05:30" level=error msg="401 Unauthorized" latency=517.164582ms seq=403 status_code=401
time="2022-11-18T18:36:53+05:30" level=error msg="401 Unauthorized" latency=348.911218ms seq=505 status_code=401
time="2022-11-18T18:36:53+05:30" level=error msg="401 Unauthorized" latency=1.088043151s seq=62 status_code=401
time="2022-11-18T18:36:53+05:30" level=error msg="401 Unauthorized" latency=385.678273ms seq=484 status_code=401
time="2022-11-18T18:36:53+05:30" level=error msg="401 Unauthorized" latency=385.072876ms seq=488 status_code=401
time="2022-11-18T18:36:53+05:30" level=error msg="401 Unauthorized" latency=409.381394ms seq=476 status_code=401
time="2022-11-18T18:36:53+05:30" level=error msg="401 Unauthorized" latency=712.399163ms seq=296 status_code=401
time="2022-11-18T18:36:53+05:30" level=error msg="401 Unauthorized" latency=1.093045508s seq=69 status_code=401
time="2022-11-18T18:36:53+05:30" level=error msg="401 Unauthorized" latency=393.025037ms seq=489 status_code=401
time="2022-11-18T18:36:53+05:30" level=error msg="401 Unauthorized" latency=612.356138ms seq=359 status_code=401
time="2022-11-18T18:36:53+05:30" level=error msg="401 Unauthorized" latency=386.347009ms seq=495 status_code=401
time="2022-11-18T18:36:53+05:30" level=error msg="401 Unauthorized" latency=399.782813ms seq=487 status_code=401
time="2022-11-18T18:36:53+05:30" level=error msg="401 Unauthorized" latency=389.118891ms seq=493 status_code=401
time="2022-11-18T18:36:53+05:30" level=error msg="401 Unauthorized" latency=379.276948ms seq=499 status_code=401
time="2022-11-18T18:36:53+05:30" level=error msg="401 Unauthorized" latency=1.095011283s seq=73 status_code=401
time="2022-11-18T18:36:53+05:30" level=error msg="401 Unauthorized" latency=545.141438ms seq=406 status_code=401
time="2022-11-18T18:36:53+05:30" level=error msg="401 Unauthorized" latency=1.102331285s seq=72 status_code=401
time="2022-11-18T18:36:53+05:30" level=error msg="401 Unauthorized" latency=373.263379ms seq=510 status_code=401
time="2022-11-18T18:36:53+05:30" level=error msg="401 Unauthorized" latency=536.296021ms seq=414 status_code=401
time="2022-11-18T18:36:53+05:30" level=error msg="401 Unauthorized" latency=387.258118ms seq=506 status_code=401
time="2022-11-18T18:36:53+05:30" level=error msg="401 Unauthorized" latency=826.417549ms seq=243 status_code=401
time="2022-11-18T18:36:53+05:30" level=error msg="401 Unauthorized" latency=546.696999ms seq=419 status_code=401
time="2022-11-18T18:36:53+05:30" level=error msg="401 Unauthorized" latency=1.140367329s seq=63 status_code=401
time="2022-11-18T18:36:53+05:30" level=error msg="401 Unauthorized" latency=409.69033ms seq=502 status_code=401
time="2022-11-18T18:36:53+05:30" level=error msg="401 Unauthorized" latency=714.262998ms seq=320 status_code=401
time="2022-11-18T18:36:53+05:30" level=error msg="401 Unauthorized" latency=768.705458ms seq=288 status_code=401
time="2022-11-18T18:36:53+05:30" level=error msg="401 Unauthorized" latency=1.136605284s seq=68 status_code=401
time="2022-11-18T18:36:53+05:30" level=error msg="401 Unauthorized" latency=1.144565684s seq=66 status_code=401
time="2022-11-18T18:36:53+05:30" level=error msg="401 Unauthorized" latency=375.632773ms seq=528 status_code=401
time="2022-11-18T18:36:53+05:30" level=error msg="401 Unauthorized" latency=373.926629ms seq=529 status_code=401
time="2022-11-18T18:36:53+05:30" level=error msg="401 Unauthorized" latency=564.163015ms seq=415 status_code=401
time="2022-11-18T18:36:53+05:30" level=error msg="401 Unauthorized" latency=546.515025ms seq=428 status_code=401
time="2022-11-18T18:36:53+05:30" level=error msg="401 Unauthorized" latency=543.155806ms seq=432 status_code=401
time="2022-11-18T18:36:53+05:30" level=error msg="401 Unauthorized" latency=347.679677ms seq=549 status_code=401
time="2022-11-18T18:36:53+05:30" level=error msg="401 Unauthorized" latency=304.696772ms seq=575 status_code=401
time="2022-11-18T18:36:53+05:30" level=error msg="401 Unauthorized" latency=392.113344ms seq=523 status_code=401
time="2022-11-18T18:36:53+05:30" level=error msg="401 Unauthorized" latency=564.792073ms seq=421 status_code=401
time="2022-11-18T18:36:53+05:30" level=error msg="401 Unauthorized" latency=376.455291ms seq=536 status_code=401
time="2022-11-18T18:36:53+05:30" level=error msg="401 Unauthorized" latency=351.709845ms seq=552 status_code=401
time="2022-11-18T18:36:53+05:30" level=error msg="401 Unauthorized" latency=1.150189289s seq=75 status_code=401
time="2022-11-18T18:36:53+05:30" level=error msg="401 Unauthorized" latency=401.990125ms seq=524 status_code=401
time="2022-11-18T18:36:53+05:30" level=error msg="401 Unauthorized" latency=371.4187ms seq=545 status_code=401
time="2022-11-18T18:36:53+05:30" level=error msg="401 Unauthorized" latency=352.345385ms seq=556 status_code=401
time="2022-11-18T18:36:53+05:30" level=error msg="401 Unauthorized" latency=353.752192ms seq=557 status_code=401
time="2022-11-18T18:36:53+05:30" level=error msg="401 Unauthorized" latency=576.299066ms seq=426 status_code=401
time="2022-11-18T18:36:53+05:30" level=error msg="401 Unauthorized" latency=609.038324ms seq=411 status_code=401
time="2022-11-18T18:36:53+05:30" level=error msg="401 Unauthorized" latency=429.183715ms seq=519 status_code=401
time="2022-11-18T18:36:53+05:30" level=error msg="401 Unauthorized" latency=420.283632ms seq=526 status_code=401
time="2022-11-18T18:36:53+05:30" level=error msg="401 Unauthorized" latency=345.487591ms seq=572 status_code=401
time="2022-11-18T18:36:53+05:30" level=error msg="401 Unauthorized" latency=350.169692ms seq=569 status_code=401
time="2022-11-18T18:36:53+05:30" level=error msg="401 Unauthorized" latency=436.511424ms seq=518 status_code=401
time="2022-11-18T18:36:53+05:30" level=error msg="401 Unauthorized" latency=278.910235ms seq=614 status_code=401
time="2022-11-18T18:36:53+05:30" level=error msg="401 Unauthorized" latency=374.730579ms seq=558 status_code=401
time="2022-11-18T18:36:53+05:30" level=error msg="401 Unauthorized" latency=300.18ms seq=603 status_code=401
time="2022-11-18T18:36:53+05:30" level=error msg="401 Unauthorized" latency=462.612875ms seq=507 status_code=401
time="2022-11-18T18:36:53+05:30" level=error msg="401 Unauthorized" latency=397.782703ms seq=546 status_code=401
time="2022-11-18T18:36:53+05:30" level=error msg="401 Unauthorized" latency=472.808242ms seq=504 status_code=401
time="2022-11-18T18:36:53+05:30" level=error msg="401 Unauthorized" latency=373.880348ms seq=565 status_code=401
time="2022-11-18T18:36:53+05:30" level=error msg="401 Unauthorized" latency=667.5903ms seq=389 status_code=401
time="2022-11-18T18:36:53+05:30" level=error msg="401 Unauthorized" latency=446.859259ms seq=521 status_code=401
time="2022-11-18T18:36:53+05:30" level=error msg="401 Unauthorized" latency=349.583818ms seq=583 status_code=401
time="2022-11-18T18:36:53+05:30" level=error msg="401 Unauthorized" latency=361.369857ms seq=578 status_code=401
time="2022-11-18T18:36:53+05:30" level=error msg="401 Unauthorized" latency=335.381866ms seq=595 status_code=401
time="2022-11-18T18:36:53+05:30" level=error msg="401 Unauthorized" latency=489.014907ms seq=503 status_code=401
time="2022-11-18T18:36:53+05:30" level=error msg="401 Unauthorized" latency=326.974216ms seq=598 status_code=401
time="2022-11-18T18:36:53+05:30" level=error msg="401 Unauthorized" latency=364.066582ms seq=579 status_code=401
time="2022-11-18T18:36:53+05:30" level=error msg="401 Unauthorized" latency=292.167253ms seq=624 status_code=401
time="2022-11-18T18:36:53+05:30" level=error msg="401 Unauthorized" latency=318.006933ms seq=616 status_code=401
time="2022-11-18T18:36:53+05:30" level=error msg="401 Unauthorized" latency=262.46476ms seq=650 status_code=401
time="2022-11-18T18:36:53+05:30" level=error msg="401 Unauthorized" latency=302.330217ms seq=628 status_code=401
time="2022-11-18T18:36:53+05:30" level=error msg="401 Unauthorized" latency=320.031542ms seq=619 status_code=401
time="2022-11-18T18:36:53+05:30" level=error msg="401 Unauthorized" latency=569.418317ms seq=470 status_code=401
time="2022-11-18T18:36:53+05:30" level=error msg="401 Unauthorized" latency=341.840314ms seq=607 status_code=401
time="2022-11-18T18:36:53+05:30" level=error msg="401 Unauthorized" latency=270.708013ms seq=651 status_code=401
time="2022-11-18T18:36:53+05:30" level=error msg="401 Unauthorized" latency=306.590767ms seq=630 status_code=401
time="2022-11-18T18:36:53+05:30" level=error msg="401 Unauthorized" latency=336.812434ms seq=611 status_code=401
time="2022-11-18T18:36:53+05:30" level=error msg="401 Unauthorized" latency=350.305735ms seq=605 status_code=401
time="2022-11-18T18:36:53+05:30" level=error msg="401 Unauthorized" latency=360.629239ms seq=600 status_code=401
time="2022-11-18T18:36:53+05:30" level=error msg="401 Unauthorized" latency=333.211345ms seq=617 status_code=401
time="2022-11-18T18:36:53+05:30" level=error msg="401 Unauthorized" latency=474.827861ms seq=533 status_code=401
time="2022-11-18T18:36:53+05:30" level=error msg="401 Unauthorized" latency=328.874593ms seq=621 status_code=401
time="2022-11-18T18:36:53+05:30" level=error msg="401 Unauthorized" latency=475.64672ms seq=534 status_code=401
time="2022-11-18T18:36:53+05:30" level=error msg="401 Unauthorized" latency=351.130967ms seq=609 status_code=401
time="2022-11-18T18:36:53+05:30" level=error msg="401 Unauthorized" latency=375.829986ms seq=597 status_code=401
time="2022-11-18T18:36:53+05:30" level=error msg="401 Unauthorized" latency=455.017685ms seq=551 status_code=401
time="2022-11-18T18:36:53+05:30" level=error msg="401 Unauthorized" latency=1.255604202s seq=74 status_code=401
time="2022-11-18T18:36:53+05:30" level=error msg="401 Unauthorized" latency=334.007172ms seq=632 status_code=401
time="2022-11-18T18:36:53+05:30" level=error msg="401 Unauthorized" latency=326.702522ms seq=636 status_code=401
time="2022-11-18T18:36:53+05:30" level=error msg="401 Unauthorized" latency=280.158643ms seq=666 status_code=401
time="2022-11-18T18:36:53+05:30" level=error msg="401 Unauthorized" latency=250.591641ms seq=688 status_code=401
time="2022-11-18T18:36:53+05:30" level=error msg="401 Unauthorized" latency=354.484948ms seq=626 status_code=401
time="2022-11-18T18:36:53+05:30" level=error msg="401 Unauthorized" latency=282.188543ms seq=672 status_code=401
time="2022-11-18T18:36:53+05:30" level=error msg="401 Unauthorized" latency=246.678635ms seq=697 status_code=401
time="2022-11-18T18:36:53+05:30" level=error msg="401 Unauthorized" latency=1.206235736s seq=121 status_code=401
time="2022-11-18T18:36:53+05:30" level=error msg="401 Unauthorized" latency=255.207526ms seq=695 status_code=401
time="2022-11-18T18:36:53+05:30" level=error msg="401 Unauthorized" latency=485.558026ms seq=559 status_code=401
time="2022-11-18T18:36:53+05:30" level=error msg="401 Unauthorized" latency=1.227923441s seq=114 status_code=401
time="2022-11-18T18:36:53+05:30" level=error msg="401 Unauthorized" latency=474.777927ms seq=567 status_code=401
time="2022-11-18T18:36:53+05:30" level=error msg="401 Unauthorized" latency=1.049189224s seq=223 status_code=401
time="2022-11-18T18:36:53+05:30" level=error msg="401 Unauthorized" latency=522.509886ms seq=541 status_code=401
time="2022-11-18T18:36:53+05:30" level=error msg="401 Unauthorized" latency=324.257492ms seq=662 status_code=401
time="2022-11-18T18:36:53+05:30" level=error msg="401 Unauthorized" latency=312.035292ms seq=670 status_code=401
time="2022-11-18T18:36:53+05:30" level=error msg="401 Unauthorized" latency=1.277604283s seq=93 status_code=401
time="2022-11-18T18:36:53+05:30" level=error msg="401 Unauthorized" latency=296.219904ms seq=685 status_code=401
time="2022-11-18T18:36:53+05:30" level=error msg="401 Unauthorized" latency=1.264940558s seq=104 status_code=401
time="2022-11-18T18:36:53+05:30" level=error msg="401 Unauthorized" latency=293.491484ms seq=687 status_code=401
time="2022-11-18T18:36:53+05:30" level=error msg="401 Unauthorized" latency=458.212226ms seq=589 status_code=401
time="2022-11-18T18:36:53+05:30" level=error msg="401 Unauthorized" latency=1.09669905s seq=206 status_code=401
time="2022-11-18T18:36:53+05:30" level=error msg="401 Unauthorized" latency=321.066396ms seq=671 status_code=401
time="2022-11-18T18:36:53+05:30" level=error msg="401 Unauthorized" latency=319.239412ms seq=673 status_code=401
time="2022-11-18T18:36:53+05:30" level=error msg="401 Unauthorized" latency=338.402831ms seq=663 status_code=401
time="2022-11-18T18:36:53+05:30" level=error msg="401 Unauthorized" latency=291.562692ms seq=694 status_code=401
time="2022-11-18T18:36:53+05:30" level=error msg="401 Unauthorized" latency=1.288847193s seq=97 status_code=401
time="2022-11-18T18:36:53+05:30" level=error msg="401 Unauthorized" latency=1.273523121s seq=107 status_code=401
time="2022-11-18T18:36:53+05:30" level=error msg="401 Unauthorized" latency=282.722787ms seq=702 status_code=401
time="2022-11-18T18:36:53+05:30" level=error msg="401 Unauthorized" latency=1.228292728s seq=136 status_code=401
time="2022-11-18T18:36:53+05:30" level=error msg="401 Unauthorized" latency=1.248423737s seq=120 status_code=401
time="2022-11-18T18:36:53+05:30" level=error msg="401 Unauthorized" latency=399.523275ms seq=634 status_code=401
time="2022-11-18T18:36:53+05:30" level=error msg="401 Unauthorized" latency=255.45497ms seq=723 status_code=401
time="2022-11-18T18:36:53+05:30" level=error msg="401 Unauthorized" latency=1.292078141s seq=102 status_code=401
time="2022-11-18T18:36:53+05:30" level=error msg="401 Unauthorized" latency=339.666573ms seq=675 status_code=401
time="2022-11-18T18:36:53+05:30" level=error msg="401 Unauthorized" latency=270.885671ms seq=716 status_code=401
time="2022-11-18T18:36:53+05:30" level=error msg="401 Unauthorized" latency=255.744869ms seq=727 status_code=401
time="2022-11-18T18:36:53+05:30" level=error msg="401 Unauthorized" latency=252.631457ms seq=730 status_code=401
time="2022-11-18T18:36:53+05:30" level=error msg="401 Unauthorized" latency=402.433324ms seq=640 status_code=401
time="2022-11-18T18:36:53+05:30" level=error msg="401 Unauthorized" latency=599.9589ms seq=522 status_code=401
time="2022-11-18T18:36:53+05:30" level=error msg="401 Unauthorized" latency=290.254926ms seq=710 status_code=401
time="2022-11-18T18:36:53+05:30" level=error msg="401 Unauthorized" latency=1.307309999s seq=100 status_code=401
time="2022-11-18T18:36:53+05:30" level=error msg="401 Unauthorized" latency=1.280568615s seq=118 status_code=401
time="2022-11-18T18:36:53+05:30" level=error msg="401 Unauthorized" latency=1.284184916s seq=116 status_code=401
time="2022-11-18T18:36:53+05:30" level=error msg="401 Unauthorized" latency=255.793237ms seq=734 status_code=401
time="2022-11-18T18:36:53+05:30" level=error msg="401 Unauthorized" latency=310.912139ms seq=705 status_code=401
time="2022-11-18T18:36:53+05:30" level=error msg="401 Unauthorized" latency=311.91233ms seq=706 status_code=401
time="2022-11-18T18:36:53+05:30" level=error msg="401 Unauthorized" latency=296.567739ms seq=721 status_code=401
time="2022-11-18T18:36:53+05:30" level=error msg="401 Unauthorized" latency=292.950949ms seq=724 status_code=401
time="2022-11-18T18:36:53+05:30" level=error msg="401 Unauthorized" latency=294.575111ms seq=729 status_code=401
time="2022-11-18T18:36:53+05:30" level=error msg="401 Unauthorized" latency=323.89107ms seq=712 status_code=401
time="2022-11-18T18:36:53+05:30" level=error msg="401 Unauthorized" latency=292.238151ms seq=736 status_code=401
time="2022-11-18T18:36:53+05:30" level=error msg="401 Unauthorized" latency=627.406103ms seq=540 status_code=401
time="2022-11-18T18:36:53+05:30" level=error msg="401 Unauthorized" latency=511.827511ms seq=613 status_code=401
time="2022-11-18T18:36:53+05:30" level=error msg="401 Unauthorized" latency=473.006737ms seq=639 status_code=401
time="2022-11-18T18:36:53+05:30" level=error msg="401 Unauthorized" latency=494.026149ms seq=627 status_code=401
time="2022-11-18T18:36:53+05:30" level=error msg="401 Unauthorized" latency=270.245082ms seq=767 status_code=401
time="2022-11-18T18:36:53+05:30" level=error msg="401 Unauthorized" latency=304.746774ms seq=750 status_code=401
time="2022-11-18T18:36:53+05:30" level=error msg="401 Unauthorized" latency=259.57532ms seq=784 status_code=401
time="2022-11-18T18:36:53+05:30" level=error msg="401 Unauthorized" latency=262.595918ms seq=783 status_code=401
time="2022-11-18T18:36:53+05:30" level=error msg="401 Unauthorized" latency=303.327985ms seq=759 status_code=401
time="2022-11-18T18:36:53+05:30" level=error msg="401 Unauthorized" latency=561.966009ms seq=604 status_code=401
time="2022-11-18T18:36:53+05:30" level=error msg="401 Unauthorized" latency=289.958112ms seq=768 status_code=401
time="2022-11-18T18:36:53+05:30" level=error msg="401 Unauthorized" latency=272.218572ms seq=780 status_code=401
time="2022-11-18T18:36:53+05:30" level=error msg="401 Unauthorized" latency=309.635014ms seq=758 status_code=401
time="2022-11-18T18:36:53+05:30" level=error msg="401 Unauthorized" latency=669.741148ms seq=543 status_code=401
time="2022-11-18T18:36:53+05:30" level=error msg="401 Unauthorized" latency=450.119658ms seq=676 status_code=401
time="2022-11-18T18:36:53+05:30" level=error msg="401 Unauthorized" latency=252.515334ms seq=796 status_code=401
time="2022-11-18T18:36:53+05:30" level=error msg="401 Unauthorized" latency=379.703042ms seq=722 status_code=401
time="2022-11-18T18:36:53+05:30" level=error msg="401 Unauthorized" latency=704.635156ms seq=527 status_code=401
time="2022-11-18T18:36:53+05:30" level=error msg="401 Unauthorized" latency=357.759733ms seq=737 status_code=401
time="2022-11-18T18:36:53+05:30" level=error msg="401 Unauthorized" latency=329.095945ms seq=755 status_code=401
time="2022-11-18T18:36:53+05:30" level=error msg="401 Unauthorized" latency=292.600069ms seq=782 status_code=401
time="2022-11-18T18:36:53+05:30" level=error msg="401 Unauthorized" latency=303.219223ms seq=777 status_code=401
time="2022-11-18T18:36:53+05:30" level=error msg="401 Unauthorized" latency=255.927917ms seq=806 status_code=401
time="2022-11-18T18:36:53+05:30" level=error msg="401 Unauthorized" latency=291.192514ms seq=785 status_code=401
time="2022-11-18T18:36:53+05:30" level=error msg="401 Unauthorized" latency=374.030851ms seq=743 status_code=401
time="2022-11-18T18:36:53+05:30" level=error msg="401 Unauthorized" latency=361.072791ms seq=757 status_code=401
time="2022-11-18T18:36:53+05:30" level=error msg="401 Unauthorized" latency=293.544021ms seq=798 status_code=401
time="2022-11-18T18:36:53+05:30" level=error msg="401 Unauthorized" latency=333.14501ms seq=775 status_code=401
time="2022-11-18T18:36:53+05:30" level=error msg="401 Unauthorized" latency=375.493485ms seq=751 status_code=401
time="2022-11-18T18:36:53+05:30" level=error msg="401 Unauthorized" latency=357.735238ms seq=764 status_code=401
time="2022-11-18T18:36:53+05:30" level=error msg="401 Unauthorized" latency=307.924213ms seq=800 status_code=401
time="2022-11-18T18:36:53+05:30" level=error msg="401 Unauthorized" latency=446.294516ms seq=719 status_code=401
time="2022-11-18T18:36:53+05:30" level=error msg="401 Unauthorized" latency=303.92159ms seq=805 status_code=401
time="2022-11-18T18:36:53+05:30" level=error msg="401 Unauthorized" latency=292.815007ms seq=812 status_code=401
time="2022-11-18T18:36:53+05:30" level=error msg="401 Unauthorized" latency=250.54812ms seq=836 status_code=401
time="2022-11-18T18:36:53+05:30" level=error msg="401 Unauthorized" latency=297.235687ms seq=813 status_code=401
time="2022-11-18T18:36:53+05:30" level=error msg="401 Unauthorized" latency=302.857541ms seq=811 status_code=401
time="2022-11-18T18:36:53+05:30" level=error msg="401 Unauthorized" latency=266.319099ms seq=834 status_code=401
time="2022-11-18T18:36:53+05:30" level=error msg="401 Unauthorized" latency=247.759487ms seq=846 status_code=401
time="2022-11-18T18:36:53+05:30" level=error msg="401 Unauthorized" latency=305.864452ms seq=815 status_code=401
time="2022-11-18T18:36:53+05:30" level=error msg="401 Unauthorized" latency=307.221872ms seq=816 status_code=401
time="2022-11-18T18:36:53+05:30" level=error msg="401 Unauthorized" latency=251.886383ms seq=851 status_code=401
time="2022-11-18T18:36:53+05:30" level=error msg="401 Unauthorized" latency=259.4118ms seq=848 status_code=401
time="2022-11-18T18:36:53+05:30" level=error msg="401 Unauthorized" latency=438.302717ms seq=742 status_code=401
time="2022-11-18T18:36:53+05:30" level=error msg="401 Unauthorized" latency=434.172ms seq=746 status_code=401
time="2022-11-18T18:36:53+05:30" level=error msg="401 Unauthorized" latency=335.020441ms seq=808 status_code=401
time="2022-11-18T18:36:53+05:30" level=error msg="401 Unauthorized" latency=335.18672ms seq=809 status_code=401
time="2022-11-18T18:36:53+05:30" level=error msg="401 Unauthorized" latency=1.540603831s seq=86 status_code=401
time="2022-11-18T18:36:53+05:30" level=error msg="401 Unauthorized" latency=1.549497841s seq=81 status_code=401
time="2022-11-18T18:36:53+05:30" level=error msg="401 Unauthorized" latency=1.553997975s seq=79 status_code=401
time="2022-11-18T18:36:53+05:30" level=error msg="401 Unauthorized" latency=1.541044658s seq=87 status_code=401
time="2022-11-18T18:36:53+05:30" level=error msg="401 Unauthorized" latency=1.545258688s seq=85 status_code=401
time="2022-11-18T18:36:53+05:30" level=error msg="401 Unauthorized" latency=389.057909ms seq=779 status_code=401
time="2022-11-18T18:36:53+05:30" level=error msg="401 Unauthorized" latency=1.53837813s seq=92 status_code=401
time="2022-11-18T18:36:53+05:30" level=error msg="401 Unauthorized" latency=297.210352ms seq=838 status_code=401
time="2022-11-18T18:36:53+05:30" level=error msg="401 Unauthorized" latency=1.567192103s seq=78 status_code=401
time="2022-11-18T18:36:53+05:30" level=error msg="401 Unauthorized" latency=431.352878ms seq=761 status_code=401
time="2022-11-18T18:36:53+05:30" level=error msg="401 Unauthorized" latency=423.648979ms seq=766 status_code=401
time="2022-11-18T18:36:53+05:30" level=error msg="401 Unauthorized" latency=1.566678827s seq=82 status_code=401
time="2022-11-18T18:36:53+05:30" level=error msg="401 Unauthorized" latency=449.752989ms seq=753 status_code=401
time="2022-11-18T18:36:53+05:30" level=error msg="401 Unauthorized" latency=658.269494ms seq=629 status_code=401
time="2022-11-18T18:36:53+05:30" level=error msg="401 Unauthorized" latency=304.74683ms seq=847 status_code=401
time="2022-11-18T18:36:53+05:30" level=error msg="401 Unauthorized" latency=319.826064ms seq=837 status_code=401
time="2022-11-18T18:36:53+05:30" level=error msg="401 Unauthorized" latency=296.604826ms seq=852 status_code=401
time="2022-11-18T18:36:53+05:30" level=error msg="401 Unauthorized" latency=301.255281ms seq=849 status_code=401
time="2022-11-18T18:36:53+05:30" level=error msg="401 Unauthorized" latency=566.818247ms seq=691 status_code=401
time="2022-11-18T18:36:53+05:30" level=error msg="401 Unauthorized" latency=483.890997ms seq=741 status_code=401
time="2022-11-18T18:36:53+05:30" level=error msg="401 Unauthorized" latency=492.166414ms seq=738 status_code=401
time="2022-11-18T18:36:53+05:30" level=error msg="401 Unauthorized" latency=475.386366ms seq=749 status_code=401
time="2022-11-18T18:36:53+05:30" level=error msg="401 Unauthorized" latency=516.900023ms seq=725 status_code=401
time="2022-11-18T18:36:53+05:30" level=error msg="401 Unauthorized" latency=512.330485ms seq=728 status_code=401
time="2022-11-18T18:36:53+05:30" level=error msg="401 Unauthorized" latency=484.242253ms seq=745 status_code=401
time="2022-11-18T18:36:53+05:30" level=error msg="401 Unauthorized" latency=367.108162ms seq=817 status_code=401
time="2022-11-18T18:36:53+05:30" level=error msg="401 Unauthorized" latency=689.735259ms seq=623 status_code=401
time="2022-11-18T18:36:53+05:30" level=error msg="401 Unauthorized" latency=675.907249ms seq=633 status_code=401
time="2022-11-18T18:36:53+05:30" level=error msg="401 Unauthorized" latency=362.75772ms seq=821 status_code=401
time="2022-11-18T18:36:53+05:30" level=error msg="401 Unauthorized" latency=252.912837ms seq=890 status_code=401
time="2022-11-18T18:36:53+05:30" level=error msg="401 Unauthorized" latency=251.946778ms seq=891 status_code=401
time="2022-11-18T18:36:53+05:30" level=error msg="401 Unauthorized" latency=673.00279ms seq=641 status_code=401
time="2022-11-18T18:36:53+05:30" level=error msg="401 Unauthorized" latency=247.004837ms seq=897 status_code=401
time="2022-11-18T18:36:53+05:30" level=error msg="401 Unauthorized" latency=483.652774ms seq=756 status_code=401
time="2022-11-18T18:36:53+05:30" level=error msg="401 Unauthorized" latency=469.977342ms seq=765 status_code=401
time="2022-11-18T18:36:53+05:30" level=error msg="401 Unauthorized" latency=650.981117ms seq=661 status_code=401
time="2022-11-18T18:36:53+05:30" level=error msg="401 Unauthorized" latency=579.962205ms seq=703 status_code=401
time="2022-11-18T18:36:53+05:30" level=error msg="401 Unauthorized" latency=499.790415ms seq=752 status_code=401
time="2022-11-18T18:36:53+05:30" level=error msg="401 Unauthorized" latency=267.445902ms seq=892 status_code=401
time="2022-11-18T18:36:53+05:30" level=error msg="401 Unauthorized" latency=316.549929ms seq=866 status_code=401
time="2022-11-18T18:36:53+05:30" level=error msg="401 Unauthorized" latency=291.260748ms seq=882 status_code=401
time="2022-11-18T18:36:53+05:30" level=error msg="401 Unauthorized" latency=304.06604ms seq=875 status_code=401
time="2022-11-18T18:36:53+05:30" level=error msg="401 Unauthorized" latency=300.940048ms seq=878 status_code=401
time="2022-11-18T18:36:53+05:30" level=error msg="401 Unauthorized" latency=311.889871ms seq=872 status_code=401
time="2022-11-18T18:36:53+05:30" level=error msg="401 Unauthorized" latency=1.608390466s seq=94 status_code=401
time="2022-11-18T18:36:53+05:30" level=error msg="401 Unauthorized" latency=248.697516ms seq=911 status_code=401
time="2022-11-18T18:36:53+05:30" level=error msg="401 Unauthorized" latency=290.897822ms seq=886 status_code=401
time="2022-11-18T18:36:53+05:30" level=error msg="401 Unauthorized" latency=537.218691ms seq=739 status_code=401
time="2022-11-18T18:36:53+05:30" level=error msg="401 Unauthorized" latency=431.520306ms seq=803 status_code=401
time="2022-11-18T18:36:53+05:30" level=error msg="401 Unauthorized" latency=311.683656ms seq=876 status_code=401
time="2022-11-18T18:36:53+05:30" level=error msg="401 Unauthorized" latency=411.749965ms seq=819 status_code=401
