time="2022-11-18T18:32:05+05:30" level=info msg="# playfiles selected for load-testing: 1"
time="2022-11-18T18:32:05+05:30" level=info msg="1.     /plays/internal/devprod_scn/play_greenpin_post.json"
time="2022-11-18T18:32:05+05:30" level=info msg="==============================================================="
time="2022-11-18T18:32:05+05:30" level=info msg="PLAY START: play-A04-Internal-GreenVN-Random-Sequence-API id: A04"
time="2022-11-18T18:32:05+05:30" level=info msg="summary directory created."
time="2022-11-18T18:32:05+05:30" level=info msg="ITERATION START: 1"
time="2022-11-18T18:32:05+05:30" level=info msg="RUN START: act: act-4.001" act_api=LA_GREENPIN_CREATE_PIN_ALLOCATION act_name=act-4.001 duration_in_second=300 iteration=1 play_id=A04 play_name=play-A04-Internal-GreenVN-Random-Sequence-API rate_per_second=40 rpm=2400 timeout_in_ms=120000 vegeta_keepalive=true
time="2022-11-18T18:32:05+05:30" level=error msg="Post \"http://leadassist-devprod.exotel.in/v1/tenants/exotelt/greenpin\": dial tcp: lookup leadassist-devprod.exotel.in: no such host" latency=9.941444ms seq=0 status_code=0
time="2022-11-18T18:32:05+05:30" level=error msg="Post \"http://leadassist-devprod.exotel.in/v1/tenants/exotelt/greenpin\": dial tcp: lookup leadassist-devprod.exotel.in: no such host" latency=10.427246ms seq=1 status_code=0
time="2022-11-18T18:32:05+05:30" level=error msg="Post \"http://leadassist-devprod.exotel.in/v1/tenants/exotelt/greenpin\": dial tcp: lookup leadassist-devprod.exotel.in: no such host" latency=9.098303ms seq=2 status_code=0
time="2022-11-18T18:32:05+05:30" level=error msg="Post \"http://leadassist-devprod.exotel.in/v1/tenants/exotelt/greenpin\": dial tcp: lookup leadassist-devprod.exotel.in: no such host" latency=11.036514ms seq=3 status_code=0
time="2022-11-18T18:32:05+05:30" level=error msg="Post \"http://leadassist-devprod.exotel.in/v1/tenants/exotelt/greenpin\": dial tcp: lookup leadassist-devprod.exotel.in: no such host" latency=10.953562ms seq=4 status_code=0
time="2022-11-18T18:32:05+05:30" level=error msg="Post \"http://leadassist-devprod.exotel.in/v1/tenants/exotelt/greenpin\": dial tcp: lookup leadassist-devprod.exotel.in: no such host" latency=11.906342ms seq=5 status_code=0
time="2022-11-18T18:32:05+05:30" level=error msg="Post \"http://leadassist-devprod.exotel.in/v1/tenants/exotelt/greenpin\": dial tcp: lookup leadassist-devprod.exotel.in: no such host" latency=9.649638ms seq=6 status_code=0
time="2022-11-18T18:32:05+05:30" level=error msg="Post \"http://leadassist-devprod.exotel.in/v1/tenants/exotelt/greenpin\": dial tcp: lookup leadassist-devprod.exotel.in: no such host" latency=9.993995ms seq=7 status_code=0
time="2022-11-18T18:32:05+05:30" level=error msg="Post \"http://leadassist-devprod.exotel.in/v1/tenants/exotelt/greenpin\": dial tcp: lookup leadassist-devprod.exotel.in: no such host" latency=11.273467ms seq=8 status_code=0
time="2022-11-18T18:32:05+05:30" level=error msg="Post \"http://leadassist-devprod.exotel.in/v1/tenants/exotelt/greenpin\": dial tcp: lookup leadassist-devprod.exotel.in: no such host" latency=9.951334ms seq=9 status_code=0
time="2022-11-18T18:32:05+05:30" level=error msg="Post \"http://leadassist-devprod.exotel.in/v1/tenants/exotelt/greenpin\": dial tcp: lookup leadassist-devprod.exotel.in: no such host" latency=9.50303ms seq=10 status_code=0
time="2022-11-18T18:32:05+05:30" level=error msg="Post \"http://leadassist-devprod.exotel.in/v1/tenants/exotelt/greenpin\": dial tcp: lookup leadassist-devprod.exotel.in: no such host" latency=9.154185ms seq=11 status_code=0
time="2022-11-18T18:32:05+05:30" level=error msg="Post \"http://leadassist-devprod.exotel.in/v1/tenants/exotelt/greenpin\": dial tcp: lookup leadassist-devprod.exotel.in: no such host" latency=12.822252ms seq=12 status_code=0
time="2022-11-18T18:32:05+05:30" level=error msg="Post \"http://leadassist-devprod.exotel.in/v1/tenants/exotelt/greenpin\": dial tcp: lookup leadassist-devprod.exotel.in: no such host" latency=10.192172ms seq=13 status_code=0
time="2022-11-18T18:32:05+05:30" level=error msg="Post \"http://leadassist-devprod.exotel.in/v1/tenants/exotelt/greenpin\": dial tcp: lookup leadassist-devprod.exotel.in: no such host" latency=11.846041ms seq=14 status_code=0
time="2022-11-18T18:32:05+05:30" level=error msg="Post \"http://leadassist-devprod.exotel.in/v1/tenants/exotelt/greenpin\": dial tcp: lookup leadassist-devprod.exotel.in: no such host" latency=11.374217ms seq=15 status_code=0
time="2022-11-18T18:32:05+05:30" level=error msg="Post \"http://leadassist-devprod.exotel.in/v1/tenants/exotelt/greenpin\": dial tcp: lookup leadassist-devprod.exotel.in: no such host" latency=9.422631ms seq=16 status_code=0
time="2022-11-18T18:32:05+05:30" level=error msg="Post \"http://leadassist-devprod.exotel.in/v1/tenants/exotelt/greenpin\": dial tcp: lookup leadassist-devprod.exotel.in: no such host" latency=13.188572ms seq=17 status_code=0
time="2022-11-18T18:32:05+05:30" level=error msg="Post \"http://leadassist-devprod.exotel.in/v1/tenants/exotelt/greenpin\": dial tcp: lookup leadassist-devprod.exotel.in: no such host" latency=8.745509ms seq=18 status_code=0
time="2022-11-18T18:32:05+05:30" level=error msg="Post \"http://leadassist-devprod.exotel.in/v1/tenants/exotelt/greenpin\": dial tcp: lookup leadassist-devprod.exotel.in: no such host" latency=11.046958ms seq=19 status_code=0
time="2022-11-18T18:32:05+05:30" level=error msg="Post \"http://leadassist-devprod.exotel.in/v1/tenants/exotelt/greenpin\": dial tcp: lookup leadassist-devprod.exotel.in: no such host" latency=11.743976ms seq=20 status_code=0
time="2022-11-18T18:32:05+05:30" level=error msg="Post \"http://leadassist-devprod.exotel.in/v1/tenants/exotelt/greenpin\": dial tcp: lookup leadassist-devprod.exotel.in: no such host" latency=9.374356ms seq=21 status_code=0
time="2022-11-18T18:32:05+05:30" level=error msg="Post \"http://leadassist-devprod.exotel.in/v1/tenants/exotelt/greenpin\": dial tcp: lookup leadassist-devprod.exotel.in: no such host" latency=10.408811ms seq=22 status_code=0
time="2022-11-18T18:32:05+05:30" level=error msg="Post \"http://leadassist-devprod.exotel.in/v1/tenants/exotelt/greenpin\": dial tcp: lookup leadassist-devprod.exotel.in: no such host" latency=9.255424ms seq=23 status_code=0
time="2022-11-18T18:32:06+05:30" level=error msg="Post \"http://leadassist-devprod.exotel.in/v1/tenants/exotelt/greenpin\": dial tcp: lookup leadassist-devprod.exotel.in: no such host" latency=10.022872ms seq=24 status_code=0
time="2022-11-18T18:32:06+05:30" level=error msg="Post \"http://leadassist-devprod.exotel.in/v1/tenants/exotelt/greenpin\": dial tcp: lookup leadassist-devprod.exotel.in: no such host" latency=9.754159ms seq=25 status_code=0
time="2022-11-18T18:32:06+05:30" level=error msg="Post \"http://leadassist-devprod.exotel.in/v1/tenants/exotelt/greenpin\": dial tcp: lookup leadassist-devprod.exotel.in: no such host" latency=9.548341ms seq=26 status_code=0
time="2022-11-18T18:32:06+05:30" level=error msg="Post \"http://leadassist-devprod.exotel.in/v1/tenants/exotelt/greenpin\": dial tcp: lookup leadassist-devprod.exotel.in: no such host" latency=12.152302ms seq=27 status_code=0
time="2022-11-18T18:32:06+05:30" level=error msg="Post \"http://leadassist-devprod.exotel.in/v1/tenants/exotelt/greenpin\": dial tcp: lookup leadassist-devprod.exotel.in: no such host" latency=9.792109ms seq=28 status_code=0
time="2022-11-18T18:32:06+05:30" level=error msg="Post \"http://leadassist-devprod.exotel.in/v1/tenants/exotelt/greenpin\": dial tcp: lookup leadassist-devprod.exotel.in: no such host" latency=11.215027ms seq=29 status_code=0
time="2022-11-18T18:32:06+05:30" level=error msg="Post \"http://leadassist-devprod.exotel.in/v1/tenants/exotelt/greenpin\": dial tcp: lookup leadassist-devprod.exotel.in: no such host" latency=8.162273ms seq=30 status_code=0
time="2022-11-18T18:32:06+05:30" level=error msg="Post \"http://leadassist-devprod.exotel.in/v1/tenants/exotelt/greenpin\": dial tcp: lookup leadassist-devprod.exotel.in: no such host" latency=11.078712ms seq=31 status_code=0
time="2022-11-18T18:32:06+05:30" level=error msg="Post \"http://leadassist-devprod.exotel.in/v1/tenants/exotelt/greenpin\": dial tcp: lookup leadassist-devprod.exotel.in: no such host" latency=10.014625ms seq=32 status_code=0
time="2022-11-18T18:32:06+05:30" level=error msg="Post \"http://leadassist-devprod.exotel.in/v1/tenants/exotelt/greenpin\": dial tcp: lookup leadassist-devprod.exotel.in: no such host" latency=9.91632ms seq=33 status_code=0
time="2022-11-18T18:32:06+05:30" level=error msg="Post \"http://leadassist-devprod.exotel.in/v1/tenants/exotelt/greenpin\": dial tcp: lookup leadassist-devprod.exotel.in: no such host" latency=8.959626ms seq=34 status_code=0
time="2022-11-18T18:32:06+05:30" level=error msg="Post \"http://leadassist-devprod.exotel.in/v1/tenants/exotelt/greenpin\": dial tcp: lookup leadassist-devprod.exotel.in: no such host" latency=10.445126ms seq=35 status_code=0
time="2022-11-18T18:32:06+05:30" level=error msg="Post \"http://leadassist-devprod.exotel.in/v1/tenants/exotelt/greenpin\": dial tcp: lookup leadassist-devprod.exotel.in: no such host" latency=10.583053ms seq=36 status_code=0
time="2022-11-18T18:32:06+05:30" level=error msg="Post \"http://leadassist-devprod.exotel.in/v1/tenants/exotelt/greenpin\": dial tcp: lookup leadassist-devprod.exotel.in: no such host" latency=10.001646ms seq=37 status_code=0
time="2022-11-18T18:32:06+05:30" level=error msg="Post \"http://leadassist-devprod.exotel.in/v1/tenants/exotelt/greenpin\": dial tcp: lookup leadassist-devprod.exotel.in: no such host" latency=8.614882ms seq=38 status_code=0
time="2022-11-18T18:32:06+05:30" level=error msg="Post \"http://leadassist-devprod.exotel.in/v1/tenants/exotelt/greenpin\": dial tcp: lookup leadassist-devprod.exotel.in: no such host" latency=9.634476ms seq=39 status_code=0
time="2022-11-18T18:32:06+05:30" level=error msg="Post \"http://leadassist-devprod.exotel.in/v1/tenants/exotelt/greenpin\": dial tcp: lookup leadassist-devprod.exotel.in: no such host" latency=9.446496ms seq=40 status_code=0
time="2022-11-18T18:32:06+05:30" level=error msg="Post \"http://leadassist-devprod.exotel.in/v1/tenants/exotelt/greenpin\": dial tcp: lookup leadassist-devprod.exotel.in: no such host" latency=24.658998ms seq=41 status_code=0
time="2022-11-18T18:32:06+05:30" level=error msg="Post \"http://leadassist-devprod.exotel.in/v1/tenants/exotelt/greenpin\": dial tcp: lookup leadassist-devprod.exotel.in: no such host" latency=13.802341ms seq=42 status_code=0
time="2022-11-18T18:32:06+05:30" level=error msg="Post \"http://leadassist-devprod.exotel.in/v1/tenants/exotelt/greenpin\": dial tcp: lookup leadassist-devprod.exotel.in: no such host" latency=11.980626ms seq=43 status_code=0
time="2022-11-18T18:32:06+05:30" level=error msg="Post \"http://leadassist-devprod.exotel.in/v1/tenants/exotelt/greenpin\": dial tcp: lookup leadassist-devprod.exotel.in: no such host" latency=10.632087ms seq=44 status_code=0
time="2022-11-18T18:32:06+05:30" level=error msg="Post \"http://leadassist-devprod.exotel.in/v1/tenants/exotelt/greenpin\": dial tcp: lookup leadassist-devprod.exotel.in: no such host" latency=9.766909ms seq=45 status_code=0
time="2022-11-18T18:32:06+05:30" level=error msg="Post \"http://leadassist-devprod.exotel.in/v1/tenants/exotelt/greenpin\": dial tcp: lookup leadassist-devprod.exotel.in: no such host" latency=12.553924ms seq=46 status_code=0
time="2022-11-18T18:32:06+05:30" level=error msg="Post \"http://leadassist-devprod.exotel.in/v1/tenants/exotelt/greenpin\": dial tcp: lookup leadassist-devprod.exotel.in: no such host" latency=11.932074ms seq=47 status_code=0
time="2022-11-18T18:32:06+05:30" level=error msg="Post \"http://leadassist-devprod.exotel.in/v1/tenants/exotelt/greenpin\": dial tcp: lookup leadassist-devprod.exotel.in: no such host" latency=9.726973ms seq=48 status_code=0
time="2022-11-18T18:32:06+05:30" level=error msg="Post \"http://leadassist-devprod.exotel.in/v1/tenants/exotelt/greenpin\": dial tcp: lookup leadassist-devprod.exotel.in: no such host" latency=10.861713ms seq=49 status_code=0
time="2022-11-18T18:32:06+05:30" level=error msg="Post \"http://leadassist-devprod.exotel.in/v1/tenants/exotelt/greenpin\": dial tcp: lookup leadassist-devprod.exotel.in: no such host" latency=9.918392ms seq=50 status_code=0
time="2022-11-18T18:32:06+05:30" level=error msg="Post \"http://leadassist-devprod.exotel.in/v1/tenants/exotelt/greenpin\": dial tcp: lookup leadassist-devprod.exotel.in: no such host" latency=8.844791ms seq=51 status_code=0
time="2022-11-18T18:32:06+05:30" level=error msg="Post \"http://leadassist-devprod.exotel.in/v1/tenants/exotelt/greenpin\": dial tcp: lookup leadassist-devprod.exotel.in: no such host" latency=9.389209ms seq=52 status_code=0
time="2022-11-18T18:32:06+05:30" level=error msg="Post \"http://leadassist-devprod.exotel.in/v1/tenants/exotelt/greenpin\": dial tcp: lookup leadassist-devprod.exotel.in: no such host" latency=11.602182ms seq=53 status_code=0
time="2022-11-18T18:32:06+05:30" level=error msg="Post \"http://leadassist-devprod.exotel.in/v1/tenants/exotelt/greenpin\": dial tcp: lookup leadassist-devprod.exotel.in: no such host" latency=9.987805ms seq=54 status_code=0
time="2022-11-18T18:32:06+05:30" level=error msg="Post \"http://leadassist-devprod.exotel.in/v1/tenants/exotelt/greenpin\": dial tcp: lookup leadassist-devprod.exotel.in: no such host" latency=10.689743ms seq=55 status_code=0
time="2022-11-18T18:32:06+05:30" level=error msg="Post \"http://leadassist-devprod.exotel.in/v1/tenants/exotelt/greenpin\": dial tcp: lookup leadassist-devprod.exotel.in: no such host" latency=11.509165ms seq=56 status_code=0
time="2022-11-18T18:32:06+05:30" level=error msg="Post \"http://leadassist-devprod.exotel.in/v1/tenants/exotelt/greenpin\": dial tcp: lookup leadassist-devprod.exotel.in: no such host" latency=9.57445ms seq=57 status_code=0
time="2022-11-18T18:32:06+05:30" level=error msg="Post \"http://leadassist-devprod.exotel.in/v1/tenants/exotelt/greenpin\": dial tcp: lookup leadassist-devprod.exotel.in: no such host" latency=10.522949ms seq=58 status_code=0
time="2022-11-18T18:32:06+05:30" level=error msg="Post \"http://leadassist-devprod.exotel.in/v1/tenants/exotelt/greenpin\": dial tcp: lookup leadassist-devprod.exotel.in: no such host" latency=11.10938ms seq=59 status_code=0
time="2022-11-18T18:32:06+05:30" level=error msg="Post \"http://leadassist-devprod.exotel.in/v1/tenants/exotelt/greenpin\": dial tcp: lookup leadassist-devprod.exotel.in: no such host" latency=10.722977ms seq=60 status_code=0
time="2022-11-18T18:32:06+05:30" level=error msg="Post \"http://leadassist-devprod.exotel.in/v1/tenants/exotelt/greenpin\": dial tcp: lookup leadassist-devprod.exotel.in: no such host" latency=10.631477ms seq=61 status_code=0
time="2022-11-18T18:32:06+05:30" level=error msg="Post \"http://leadassist-devprod.exotel.in/v1/tenants/exotelt/greenpin\": dial tcp: lookup leadassist-devprod.exotel.in: no such host" latency=10.439499ms seq=62 status_code=0
time="2022-11-18T18:32:06+05:30" level=error msg="Post \"http://leadassist-devprod.exotel.in/v1/tenants/exotelt/greenpin\": dial tcp: lookup leadassist-devprod.exotel.in: no such host" latency=9.336084ms seq=63 status_code=0
time="2022-11-18T18:32:07+05:30" level=error msg="Post \"http://leadassist-devprod.exotel.in/v1/tenants/exotelt/greenpin\": dial tcp: lookup leadassist-devprod.exotel.in: no such host" latency=10.583331ms seq=64 status_code=0
time="2022-11-18T18:32:07+05:30" level=error msg="Post \"http://leadassist-devprod.exotel.in/v1/tenants/exotelt/greenpin\": dial tcp: lookup leadassist-devprod.exotel.in: no such host" latency=11.892083ms seq=65 status_code=0
time="2022-11-18T18:32:07+05:30" level=error msg="Post \"http://leadassist-devprod.exotel.in/v1/tenants/exotelt/greenpin\": dial tcp: lookup leadassist-devprod.exotel.in: no such host" latency=10.133899ms seq=66 status_code=0
time="2022-11-18T18:32:07+05:30" level=error msg="Post \"http://leadassist-devprod.exotel.in/v1/tenants/exotelt/greenpin\": dial tcp: lookup leadassist-devprod.exotel.in: no such host" latency=9.167224ms seq=67 status_code=0
time="2022-11-18T18:32:07+05:30" level=error msg="Post \"http://leadassist-devprod.exotel.in/v1/tenants/exotelt/greenpin\": dial tcp: lookup leadassist-devprod.exotel.in: no such host" latency=9.681395ms seq=68 status_code=0
time="2022-11-18T18:32:07+05:30" level=error msg="Post \"http://leadassist-devprod.exotel.in/v1/tenants/exotelt/greenpin\": dial tcp: lookup leadassist-devprod.exotel.in: no such host" latency=10.347407ms seq=69 status_code=0
time="2022-11-18T18:32:07+05:30" level=error msg="Post \"http://leadassist-devprod.exotel.in/v1/tenants/exotelt/greenpin\": dial tcp: lookup leadassist-devprod.exotel.in: no such host" latency=11.355623ms seq=70 status_code=0
time="2022-11-18T18:32:07+05:30" level=error msg="Post \"http://leadassist-devprod.exotel.in/v1/tenants/exotelt/greenpin\": dial tcp: lookup leadassist-devprod.exotel.in: no such host" latency=9.792091ms seq=71 status_code=0
time="2022-11-18T18:32:07+05:30" level=error msg="Post \"http://leadassist-devprod.exotel.in/v1/tenants/exotelt/greenpin\": dial tcp: lookup leadassist-devprod.exotel.in: no such host" latency=10.821659ms seq=72 status_code=0
time="2022-11-18T18:32:07+05:30" level=error msg="Post \"http://leadassist-devprod.exotel.in/v1/tenants/exotelt/greenpin\": dial tcp: lookup leadassist-devprod.exotel.in: no such host" latency=10.45436ms seq=73 status_code=0
time="2022-11-18T18:32:07+05:30" level=error msg="Post \"http://leadassist-devprod.exotel.in/v1/tenants/exotelt/greenpin\": dial tcp: lookup leadassist-devprod.exotel.in: no such host" latency=10.300586ms seq=74 status_code=0
time="2022-11-18T18:32:07+05:30" level=error msg="Post \"http://leadassist-devprod.exotel.in/v1/tenants/exotelt/greenpin\": dial tcp: lookup leadassist-devprod.exotel.in: no such host" latency=10.488618ms seq=75 status_code=0
time="2022-11-18T18:32:07+05:30" level=error msg="Post \"http://leadassist-devprod.exotel.in/v1/tenants/exotelt/greenpin\": dial tcp: lookup leadassist-devprod.exotel.in: no such host" latency=10.821214ms seq=76 status_code=0
time="2022-11-18T18:32:07+05:30" level=error msg="Post \"http://leadassist-devprod.exotel.in/v1/tenants/exotelt/greenpin\": dial tcp: lookup leadassist-devprod.exotel.in: no such host" latency=10.892468ms seq=77 status_code=0
time="2022-11-18T18:32:07+05:30" level=error msg="Post \"http://leadassist-devprod.exotel.in/v1/tenants/exotelt/greenpin\": dial tcp: lookup leadassist-devprod.exotel.in: no such host" latency=10.052912ms seq=78 status_code=0
time="2022-11-18T18:32:07+05:30" level=error msg="Post \"http://leadassist-devprod.exotel.in/v1/tenants/exotelt/greenpin\": dial tcp: lookup leadassist-devprod.exotel.in: no such host" latency=10.879076ms seq=79 status_code=0
time="2022-11-18T18:32:07+05:30" level=error msg="Post \"http://leadassist-devprod.exotel.in/v1/tenants/exotelt/greenpin\": dial tcp: lookup leadassist-devprod.exotel.in: no such host" latency=10.054737ms seq=80 status_code=0
time="2022-11-18T18:32:07+05:30" level=error msg="Post \"http://leadassist-devprod.exotel.in/v1/tenants/exotelt/greenpin\": dial tcp: lookup leadassist-devprod.exotel.in: no such host" latency=10.523538ms seq=81 status_code=0
time="2022-11-18T18:32:07+05:30" level=error msg="Post \"http://leadassist-devprod.exotel.in/v1/tenants/exotelt/greenpin\": dial tcp: lookup leadassist-devprod.exotel.in: no such host" latency=11.67888ms seq=82 status_code=0
time="2022-11-18T18:32:07+05:30" level=error msg="Post \"http://leadassist-devprod.exotel.in/v1/tenants/exotelt/greenpin\": dial tcp: lookup leadassist-devprod.exotel.in: no such host" latency=16.327211ms seq=83 status_code=0
time="2022-11-18T18:32:07+05:30" level=error msg="Post \"http://leadassist-devprod.exotel.in/v1/tenants/exotelt/greenpin\": dial tcp: lookup leadassist-devprod.exotel.in: no such host" latency=10.166026ms seq=84 status_code=0
time="2022-11-18T18:32:07+05:30" level=error msg="Post \"http://leadassist-devprod.exotel.in/v1/tenants/exotelt/greenpin\": dial tcp: lookup leadassist-devprod.exotel.in: no such host" latency=10.979464ms seq=85 status_code=0
time="2022-11-18T18:32:07+05:30" level=error msg="Post \"http://leadassist-devprod.exotel.in/v1/tenants/exotelt/greenpin\": dial tcp: lookup leadassist-devprod.exotel.in: no such host" latency=11.306962ms seq=86 status_code=0
time="2022-11-18T18:32:07+05:30" level=error msg="Post \"http://leadassist-devprod.exotel.in/v1/tenants/exotelt/greenpin\": dial tcp: lookup leadassist-devprod.exotel.in: no such host" latency=12.909782ms seq=87 status_code=0
